<?xml version="1.0" encoding="UTF-8"?>
<!-- Generated by org.testng.reporters.JUnitReportReporter -->
<testsuite hostname="bogon" name="keeper.init.Keeper_LoginS" tests="1" failures="0" timestamp="29 Sep 2016 12:58:40 GMT" time="1.455" errors="0">
  <testcase name="login" time="1.455" classname="keeper.init.Keeper_LoginS"/>
</testsuite> <!-- keeper.init.Keeper_LoginS -->
